<?xml version="1.0" encoding="utf-8"?><testsuites name="pytest tests"><testsuite name="pytest" errors="0" failures="0" skipped="0" tests="169" time="33.677" timestamp="2026-06-06T18:36:42.575032+00:00" hostname="agent-env-f8b7fbd8-0163-4b26-9baf-ad02c9ef0ed3"><testcase classname="backend.tests.test_expansion.TestCounts" name="test_formation_count_46" time="0.272" /><testcase classname="backend.tests.test_expansion.TestCounts" name="test_unit_count_71" time="0.000" /><testcase classname="backend.tests.test_expansion.TestCounts" name="test_category_breakdown" time="0.000" /><testcase classname="backend.tests.test_expansion.TestReaverReclass" name="test_reaver_is_line" time="0.000" /><testcase classname="backend.tests.test_expansion.TestLordsOfWar" name="test_low_present[plutona-assault-drill]" time="0.000" /><testcase classname="backend.tests.test_expansion.TestLordsOfWar" name="test_low_present[heavy-tank-battery]" time="0.000" /><testcase classname="backend.tests.test_expansion.TestLordsOfWar" name="test_low_present[superheavy-squadron]" time="0.000" /><testcase classname="backend.tests.test_expansion.TestLordsOfWar" name="test_low_present[superheavy-tank-destroyer]" time="0.000" /><testcase classname="backend.tests.test_expansion.TestLordsOfWar" name="test_low_present[gunship-flight]" time="0.000" /><testcase classname="backend.tests.test_expansion.TestLordsOfWar" name="test_low_present[interceptor-flight]" time="0.000" /><testcase classname="backend.tests.test_expansion.TestLordsOfWar" name="test_low_present[stormbird-lander]" time="0.000" /><testcase classname="backend.tests.test_expansion.TestNewSupport" name="test_support_present[destroyer-squad]" time="0.000" /><testcase classname="backend.tests.test_expansion.TestNewSupport" name="test_support_present[inductii-squad]" time="0.000" /><testcase classname="backend.tests.test_expansion.TestNewSupport" name="test_support_present[recon-squad]" time="0.000" /><testcase classname="backend.tests.test_expansion.TestNewSupport" name="test_support_present[scout-detachment]" time="0.000" /><testcase classname="backend.tests.test_expansion.TestNewSupport" name="test_support_present[veteran-squad]" time="0.000" /><testcase classname="backend.tests.test_expansion.TestNewSupport" name="test_support_present[outrider-squad]" time="0.000" /><testcase classname="backend.tests.test_expansion.TestNewSupport" name="test_support_present[jetbike-squad]" time="0.000" /><testcase classname="backend.tests.test_expansion.TestNewSupport" name="test_support_present[land-speeder-squadron]" time="0.000" /><testcase classname="backend.tests.test_expansion.TestNewSupport" name="test_support_present[javelin-squadron]" time="0.000" /><testcase classname="backend.tests.test_expansion.TestNewSupport" name="test_support_present[castraferrum-talon]" time="0.000" /><testcase classname="backend.tests.test_expansion.TestNewSupport" name="test_support_present[contemptor-talon]" time="0.000" /><testcase classname="backend.tests.test_expansion.TestNewSupport" name="test_support_present[leviathan-talon]" time="0.000" /><testcase classname="backend.tests.test_expansion.TestNewSupport" name="test_support_present[air-defence-battery]" time="0.000" /><testcase classname="backend.tests.test_expansion.TestNewSupport" name="test_support_present[artillery-battery-arquitor]" time="0.000" /><testcase classname="backend.tests.test_expansion.TestNewSupport" name="test_support_present[artillery-battery-basilisk]" time="0.000" /><testcase classname="backend.tests.test_expansion.TestNewSupport" name="test_support_present[artillery-battery-medusa]" time="0.000" /><testcase classname="backend.tests.test_expansion.TestNewSupport" name="test_support_present[artillery-battery-whirlwind]" time="0.000" /><testcase classname="backend.tests.test_expansion.TestNewSupport" name="test_support_present[kratos-heavy-squadron]" time="0.000" /><testcase classname="backend.tests.test_expansion.TestNewSupport" name="test_support_present[land-raider-squadron]" time="0.000" /><testcase classname="backend.tests.test_expansion.TestNewSupport" name="test_support_present[predator-squadron]" time="0.000" /><testcase classname="backend.tests.test_expansion.TestNewSupport" name="test_support_present[sabre-squadron]" time="0.000" /><testcase classname="backend.tests.test_expansion.TestNewSupport" name="test_support_present[sicaran-squadron]" time="0.000" /><testcase classname="backend.tests.test_expansion.TestNewSupport" name="test_support_present[vindicator-squadron]" time="0.000" /><testcase classname="backend.tests.test_expansion.TestNewSupport" name="test_support_present[storm-eagle-flight]" time="0.000" /><testcase classname="backend.tests.test_expansion.TestNewSupport" name="test_support_present[thunderhawk-gunship]" time="0.000" /><testcase classname="backend.tests.test_expansion.TestNewSupport" name="test_support_present[thunderhawk-transporter-flight]" time="0.000" /><testcase classname="backend.tests.test_expansion.TestNewSupport" name="test_support_present[legion-spacecraft-strike-cruiser]" time="0.000" /><testcase classname="backend.tests.test_expansion.TestNewSupport" name="test_support_present[legion-spacecraft-battleship]" time="0.000" /><testcase classname="backend.tests.test_expansion.TestNewSupport" name="test_support_present[assault-squad-support]" time="0.000" /><testcase classname="backend.tests.test_expansion.TestNewSupport" name="test_support_present[breacher-squad-support]" time="0.000" /><testcase classname="backend.tests.test_expansion.TestNewSupport" name="test_support_present[rapier-battery]" time="0.000" /><testcase classname="backend.tests.test_expansion.TestUnitRefs" name="test_no_broken_unit_refs" time="0.000" /><testcase classname="backend.tests.test_expansion.TestKeyLoWUnitsExist" name="test_plutona_and_stormbird_units" time="0.000" /><testcase classname="backend.tests.test_factions.TestRoot" name="test_root" time="0.134" /><testcase classname="backend.tests.test_factions.TestFactionList" name="test_list_factions_status" time="0.074" /><testcase classname="backend.tests.test_factions.TestFactionList" name="test_list_factions_contains_sons_of_horus" time="0.073" /><testcase classname="backend.tests.test_factions.TestFactionDetail" name="test_get_sons_of_horus" time="0.077" /><testcase classname="backend.tests.test_factions.TestFactionDetail" name="test_get_faction_not_found" time="0.076" /><testcase classname="backend.tests.test_factions.TestFactionDetail" name="test_formation_ids_include_expected" time="0.071" /><testcase classname="backend.tests.test_legions.TestFactionList" name="test_exactly_18" time="0.116" /><testcase classname="backend.tests.test_legions.TestFactionList" name="test_all_expected_ids_present" time="0.000" /><testcase classname="backend.tests.test_legions.TestFactionList" name="test_required_summary_fields" time="0.000" /><testcase classname="backend.tests.test_legions.TestFactionList" name="test_identity_overrides_in_list" time="0.000" /><testcase classname="backend.tests.test_legions.TestFactionDetail" name="test_detail_status_and_shape[dark-angels]" time="0.147" /><testcase classname="backend.tests.test_legions.TestFactionDetail" name="test_detail_status_and_shape[emperors-children]" time="0.145" /><testcase classname="backend.tests.test_legions.TestFactionDetail" name="test_detail_status_and_shape[iron-warriors]" time="0.149" /><testcase classname="backend.tests.test_legions.TestFactionDetail" name="test_detail_status_and_shape[white-scars]" time="0.139" /><testcase classname="backend.tests.test_legions.TestFactionDetail" name="test_detail_status_and_shape[space-wolves]" time="0.161" /><testcase classname="backend.tests.test_legions.TestFactionDetail" name="test_detail_status_and_shape[imperial-fists]" time="0.141" /><testcase classname="backend.tests.test_legions.TestFactionDetail" name="test_detail_status_and_shape[night-lords]" time="0.144" /><testcase classname="backend.tests.test_legions.TestFactionDetail" name="test_detail_status_and_shape[blood-angels]" time="0.135" /><testcase classname="backend.tests.test_legions.TestFactionDetail" name="test_detail_status_and_shape[iron-hands]" time="0.135" /><testcase classname="backend.tests.test_legions.TestFactionDetail" name="test_detail_status_and_shape[world-eaters]" time="0.131" /><testcase classname="backend.tests.test_legions.TestFactionDetail" name="test_detail_status_and_shape[ultramarines]" time="0.180" /><testcase classname="backend.tests.test_legions.TestFactionDetail" name="test_detail_status_and_shape[death-guard]" time="0.121" /><testcase classname="backend.tests.test_legions.TestFactionDetail" name="test_detail_status_and_shape[thousand-sons]" time="0.145" /><testcase classname="backend.tests.test_legions.TestFactionDetail" name="test_detail_status_and_shape[sons-of-horus]" time="0.136" /><testcase classname="backend.tests.test_legions.TestFactionDetail" name="test_detail_status_and_shape[word-bearers]" time="0.149" /><testcase classname="backend.tests.test_legions.TestFactionDetail" name="test_detail_status_and_shape[salamanders]" time="0.137" /><testcase classname="backend.tests.test_legions.TestFactionDetail" name="test_detail_status_and_shape[raven-guard]" time="0.134" /><testcase classname="backend.tests.test_legions.TestFactionDetail" name="test_detail_status_and_shape[alpha-legion]" time="0.134" /><testcase classname="backend.tests.test_legions.TestFactionDetail" name="test_detail_identity_override[dark-angels]" time="0.127" /><testcase classname="backend.tests.test_legions.TestFactionDetail" name="test_detail_identity_override[emperors-children]" time="0.136" /><testcase classname="backend.tests.test_legions.TestFactionDetail" name="test_detail_identity_override[iron-warriors]" time="0.139" /><testcase classname="backend.tests.test_legions.TestFactionDetail" name="test_detail_identity_override[white-scars]" time="0.137" /><testcase classname="backend.tests.test_legions.TestFactionDetail" name="test_detail_identity_override[space-wolves]" time="0.144" /><testcase classname="backend.tests.test_legions.TestFactionDetail" name="test_detail_identity_override[imperial-fists]" time="0.131" /><testcase classname="backend.tests.test_legions.TestFactionDetail" name="test_detail_identity_override[night-lords]" time="0.135" /><testcase classname="backend.tests.test_legions.TestFactionDetail" name="test_detail_identity_override[blood-angels]" time="0.137" /><testcase classname="backend.tests.test_legions.TestFactionDetail" name="test_detail_identity_override[iron-hands]" time="0.139" /><testcase classname="backend.tests.test_legions.TestFactionDetail" name="test_detail_identity_override[world-eaters]" time="0.136" /><testcase classname="backend.tests.test_legions.TestFactionDetail" name="test_detail_identity_override[ultramarines]" time="0.128" /><testcase classname="backend.tests.test_legions.TestFactionDetail" name="test_detail_identity_override[death-guard]" time="0.147" /><testcase classname="backend.tests.test_legions.TestFactionDetail" name="test_detail_identity_override[thousand-sons]" time="0.139" /><testcase classname="backend.tests.test_legions.TestFactionDetail" name="test_detail_identity_override[sons-of-horus]" time="0.126" /><testcase classname="backend.tests.test_legions.TestFactionDetail" name="test_detail_identity_override[word-bearers]" time="0.128" /><testcase classname="backend.tests.test_legions.TestFactionDetail" name="test_detail_identity_override[salamanders]" time="0.132" /><testcase classname="backend.tests.test_legions.TestFactionDetail" name="test_detail_identity_override[raven-guard]" time="0.130" /><testcase classname="backend.tests.test_legions.TestFactionDetail" name="test_detail_identity_override[alpha-legion]" time="0.127" /><testcase classname="backend.tests.test_legions.TestFactionDetail" name="test_baseline_roster_size_consistent" time="2.466" /><testcase classname="backend.tests.test_legions.TestFactionDetail" name="test_404_on_unknown_id" time="0.143" /><testcase classname="backend.tests.test_legions.TestDarkAngelsCompositionAppend" name="test_dreadwing_rule_appended" time="0.238" /><testcase classname="backend.tests.test_legions.TestSalamandersTrait" name="test_promethean_fire" time="0.124" /><testcase classname="backend.tests.test_soh_isolation.TestBaselineHidden" name="test_list_is_exactly_18_and_no_baseline" time="0.122" /><testcase classname="backend.tests.test_soh_isolation.TestBaselineHidden" name="test_baseline_detail_returns_404_or_hidden" time="0.133" /><testcase classname="backend.tests.test_soh_isolation.TestSonsOfHorusOverrides" name="test_soh_has_all_extra_formations" time="0.160" /><testcase classname="backend.tests.test_soh_isolation.TestSonsOfHorusOverrides" name="test_soh_has_all_extra_units" time="0.000" /><testcase classname="backend.tests.test_soh_isolation.TestSonsOfHorusOverrides" name="test_soh_tactical_detachment_has_despoiler_option" time="0.000" /><testcase classname="backend.tests.test_soh_isolation.TestSonsOfHorusOverrides" name="test_soh_composition_rules_include_overrides" time="0.000" /><testcase classname="backend.tests.test_soh_isolation.TestSonsOfHorusOverrides" name="test_soh_trait_is_death_dealers" time="0.000" /><testcase classname="backend.tests.test_soh_isolation.TestNoBleedIntoOtherLegions" name="test_no_soh_formations[dark-angels]" time="0.144" /><testcase classname="backend.tests.test_soh_isolation.TestNoBleedIntoOtherLegions" name="test_no_soh_formations[emperors-children]" time="0.120" /><testcase classname="backend.tests.test_soh_isolation.TestNoBleedIntoOtherLegions" name="test_no_soh_formations[iron-warriors]" time="0.126" /><testcase classname="backend.tests.test_soh_isolation.TestNoBleedIntoOtherLegions" name="test_no_soh_formations[white-scars]" time="0.138" /><testcase classname="backend.tests.test_soh_isolation.TestNoBleedIntoOtherLegions" name="test_no_soh_formations[space-wolves]" time="0.131" /><testcase classname="backend.tests.test_soh_isolation.TestNoBleedIntoOtherLegions" name="test_no_soh_formations[imperial-fists]" time="0.136" /><testcase classname="backend.tests.test_soh_isolation.TestNoBleedIntoOtherLegions" name="test_no_soh_formations[night-lords]" time="0.127" /><testcase classname="backend.tests.test_soh_isolation.TestNoBleedIntoOtherLegions" name="test_no_soh_formations[blood-angels]" time="0.162" /><testcase classname="backend.tests.test_soh_isolation.TestNoBleedIntoOtherLegions" name="test_no_soh_formations[iron-hands]" time="0.124" /><testcase classname="backend.tests.test_soh_isolation.TestNoBleedIntoOtherLegions" name="test_no_soh_formations[world-eaters]" time="0.118" /><testcase classname="backend.tests.test_soh_isolation.TestNoBleedIntoOtherLegions" name="test_no_soh_formations[ultramarines]" time="0.129" /><testcase classname="backend.tests.test_soh_isolation.TestNoBleedIntoOtherLegions" name="test_no_soh_formations[death-guard]" time="0.129" /><testcase classname="backend.tests.test_soh_isolation.TestNoBleedIntoOtherLegions" name="test_no_soh_formations[thousand-sons]" time="0.126" /><testcase classname="backend.tests.test_soh_isolation.TestNoBleedIntoOtherLegions" name="test_no_soh_formations[word-bearers]" time="0.133" /><testcase classname="backend.tests.test_soh_isolation.TestNoBleedIntoOtherLegions" name="test_no_soh_formations[salamanders]" time="0.133" /><testcase classname="backend.tests.test_soh_isolation.TestNoBleedIntoOtherLegions" name="test_no_soh_formations[raven-guard]" time="0.153" /><testcase classname="backend.tests.test_soh_isolation.TestNoBleedIntoOtherLegions" name="test_no_soh_formations[alpha-legion]" time="0.147" /><testcase classname="backend.tests.test_soh_isolation.TestNoBleedIntoOtherLegions" name="test_no_soh_units[dark-angels]" time="0.130" /><testcase classname="backend.tests.test_soh_isolation.TestNoBleedIntoOtherLegions" name="test_no_soh_units[emperors-children]" time="0.114" /><testcase classname="backend.tests.test_soh_isolation.TestNoBleedIntoOtherLegions" name="test_no_soh_units[iron-warriors]" time="0.127" /><testcase classname="backend.tests.test_soh_isolation.TestNoBleedIntoOtherLegions" name="test_no_soh_units[white-scars]" time="0.130" /><testcase classname="backend.tests.test_soh_isolation.TestNoBleedIntoOtherLegions" name="test_no_soh_units[space-wolves]" time="0.123" /><testcase classname="backend.tests.test_soh_isolation.TestNoBleedIntoOtherLegions" name="test_no_soh_units[imperial-fists]" time="0.154" /><testcase classname="backend.tests.test_soh_isolation.TestNoBleedIntoOtherLegions" name="test_no_soh_units[night-lords]" time="0.129" /><testcase classname="backend.tests.test_soh_isolation.TestNoBleedIntoOtherLegions" name="test_no_soh_units[blood-angels]" time="0.124" /><testcase classname="backend.tests.test_soh_isolation.TestNoBleedIntoOtherLegions" name="test_no_soh_units[iron-hands]" time="0.125" /><testcase classname="backend.tests.test_soh_isolation.TestNoBleedIntoOtherLegions" name="test_no_soh_units[world-eaters]" time="0.138" /><testcase classname="backend.tests.test_soh_isolation.TestNoBleedIntoOtherLegions" name="test_no_soh_units[ultramarines]" time="0.121" /><testcase classname="backend.tests.test_soh_isolation.TestNoBleedIntoOtherLegions" name="test_no_soh_units[death-guard]" time="0.122" /><testcase classname="backend.tests.test_soh_isolation.TestNoBleedIntoOtherLegions" name="test_no_soh_units[thousand-sons]" time="0.126" /><testcase classname="backend.tests.test_soh_isolation.TestNoBleedIntoOtherLegions" name="test_no_soh_units[word-bearers]" time="0.152" /><testcase classname="backend.tests.test_soh_isolation.TestNoBleedIntoOtherLegions" name="test_no_soh_units[salamanders]" time="0.135" /><testcase classname="backend.tests.test_soh_isolation.TestNoBleedIntoOtherLegions" name="test_no_soh_units[raven-guard]" time="0.122" /><testcase classname="backend.tests.test_soh_isolation.TestNoBleedIntoOtherLegions" name="test_no_soh_units[alpha-legion]" time="0.159" /><testcase classname="backend.tests.test_soh_isolation.TestNoBleedIntoOtherLegions" name="test_no_despoiler_option_on_tactical_detachment[dark-angels]" time="0.136" /><testcase classname="backend.tests.test_soh_isolation.TestNoBleedIntoOtherLegions" name="test_no_despoiler_option_on_tactical_detachment[emperors-children]" time="0.146" /><testcase classname="backend.tests.test_soh_isolation.TestNoBleedIntoOtherLegions" name="test_no_despoiler_option_on_tactical_detachment[iron-warriors]" time="0.122" /><testcase classname="backend.tests.test_soh_isolation.TestNoBleedIntoOtherLegions" name="test_no_despoiler_option_on_tactical_detachment[white-scars]" time="0.127" /><testcase classname="backend.tests.test_soh_isolation.TestNoBleedIntoOtherLegions" name="test_no_despoiler_option_on_tactical_detachment[space-wolves]" time="0.167" /><testcase classname="backend.tests.test_soh_isolation.TestNoBleedIntoOtherLegions" name="test_no_despoiler_option_on_tactical_detachment[imperial-fists]" time="0.129" /><testcase classname="backend.tests.test_soh_isolation.TestNoBleedIntoOtherLegions" name="test_no_despoiler_option_on_tactical_detachment[night-lords]" time="0.145" /><testcase classname="backend.tests.test_soh_isolation.TestNoBleedIntoOtherLegions" name="test_no_despoiler_option_on_tactical_detachment[blood-angels]" time="0.144" /><testcase classname="backend.tests.test_soh_isolation.TestNoBleedIntoOtherLegions" name="test_no_despoiler_option_on_tactical_detachment[iron-hands]" time="0.131" /><testcase classname="backend.tests.test_soh_isolation.TestNoBleedIntoOtherLegions" name="test_no_despoiler_option_on_tactical_detachment[world-eaters]" time="0.142" /><testcase classname="backend.tests.test_soh_isolation.TestNoBleedIntoOtherLegions" name="test_no_despoiler_option_on_tactical_detachment[ultramarines]" time="0.125" /><testcase classname="backend.tests.test_soh_isolation.TestNoBleedIntoOtherLegions" name="test_no_despoiler_option_on_tactical_detachment[death-guard]" time="0.143" /><testcase classname="backend.tests.test_soh_isolation.TestNoBleedIntoOtherLegions" name="test_no_despoiler_option_on_tactical_detachment[thousand-sons]" time="0.140" /><testcase classname="backend.tests.test_soh_isolation.TestNoBleedIntoOtherLegions" name="test_no_despoiler_option_on_tactical_detachment[word-bearers]" time="0.124" /><testcase classname="backend.tests.test_soh_isolation.TestNoBleedIntoOtherLegions" name="test_no_despoiler_option_on_tactical_detachment[salamanders]" time="0.141" /><testcase classname="backend.tests.test_soh_isolation.TestNoBleedIntoOtherLegions" name="test_no_despoiler_option_on_tactical_detachment[raven-guard]" time="0.135" /><testcase classname="backend.tests.test_soh_isolation.TestNoBleedIntoOtherLegions" name="test_no_despoiler_option_on_tactical_detachment[alpha-legion]" time="0.132" /><testcase classname="backend.tests.test_soh_isolation.TestNoBleedIntoOtherLegions" name="test_has_own_legion_trait[dark-angels]" time="0.127" /><testcase classname="backend.tests.test_soh_isolation.TestNoBleedIntoOtherLegions" name="test_has_own_legion_trait[emperors-children]" time="0.122" /><testcase classname="backend.tests.test_soh_isolation.TestNoBleedIntoOtherLegions" name="test_has_own_legion_trait[iron-warriors]" time="15.142" /><testcase classname="backend.tests.test_soh_isolation.TestNoBleedIntoOtherLegions" name="test_has_own_legion_trait[white-scars]" time="0.164" /><testcase classname="backend.tests.test_soh_isolation.TestNoBleedIntoOtherLegions" name="test_has_own_legion_trait[space-wolves]" time="0.153" /><testcase classname="backend.tests.test_soh_isolation.TestNoBleedIntoOtherLegions" name="test_has_own_legion_trait[imperial-fists]" time="0.149" /><testcase classname="backend.tests.test_soh_isolation.TestNoBleedIntoOtherLegions" name="test_has_own_legion_trait[night-lords]" time="0.145" /><testcase classname="backend.tests.test_soh_isolation.TestNoBleedIntoOtherLegions" name="test_has_own_legion_trait[blood-angels]" time="0.127" /><testcase classname="backend.tests.test_soh_isolation.TestNoBleedIntoOtherLegions" name="test_has_own_legion_trait[iron-hands]" time="0.147" /><testcase classname="backend.tests.test_soh_isolation.TestNoBleedIntoOtherLegions" name="test_has_own_legion_trait[world-eaters]" time="0.132" /><testcase classname="backend.tests.test_soh_isolation.TestNoBleedIntoOtherLegions" name="test_has_own_legion_trait[ultramarines]" time="0.139" /><testcase classname="backend.tests.test_soh_isolation.TestNoBleedIntoOtherLegions" name="test_has_own_legion_trait[death-guard]" time="0.159" /><testcase classname="backend.tests.test_soh_isolation.TestNoBleedIntoOtherLegions" name="test_has_own_legion_trait[thousand-sons]" time="0.117" /><testcase classname="backend.tests.test_soh_isolation.TestNoBleedIntoOtherLegions" name="test_has_own_legion_trait[word-bearers]" time="0.123" /><testcase classname="backend.tests.test_soh_isolation.TestNoBleedIntoOtherLegions" name="test_has_own_legion_trait[salamanders]" time="0.133" /><testcase classname="backend.tests.test_soh_isolation.TestNoBleedIntoOtherLegions" name="test_has_own_legion_trait[raven-guard]" time="0.159" /><testcase classname="backend.tests.test_soh_isolation.TestNoBleedIntoOtherLegions" name="test_has_own_legion_trait[alpha-legion]" time="0.142" /></testsuite></testsuites>