<?xml version="1.0" encoding="utf-8"?><testsuites name="pytest tests"><testsuite name="pytest" errors="0" failures="0" skipped="0" tests="7" time="0.389" timestamp="2026-06-06T22:20:56.256716+00:00" hostname="agent-env-f8b7fbd8-0163-4b26-9baf-ad02c9ef0ed3"><testcase classname="tests.test_knight_titan" name="test_factions_list_includes_knight_and_titan" time="0.035" /><testcase classname="tests.test_knight_titan" name="test_knight_household_payload" time="0.022" /><testcase classname="tests.test_knight_titan" name="test_legio_titanicus_payload" time="0.023" /><testcase classname="tests.test_new_armies" name="test_factions_list_includes_new_armies" time="0.021" /><testcase classname="tests.test_new_armies" name="test_solar_auxilia_full_payload" time="0.023" /><testcase classname="tests.test_new_armies" name="test_imperialis_militia_full_payload" time="0.023" /><testcase classname="tests.test_new_armies" name="test_astartes_legions_still_have_default_limits" time="0.036" /></testsuite></testsuites>