<?xml version="1.0" encoding="utf-8"?><testsuites name="pytest tests"><testsuite name="pytest" errors="0" failures="0" skipped="0" tests="4" time="0.768" timestamp="2026-06-06T20:52:57.842434+00:00" hostname="agent-env-f8b7fbd8-0163-4b26-9baf-ad02c9ef0ed3"><testcase classname="backend.tests.test_new_armies" name="test_factions_list_includes_new_armies" time="0.271" /><testcase classname="backend.tests.test_new_armies" name="test_solar_auxilia_full_payload" time="0.132" /><testcase classname="backend.tests.test_new_armies" name="test_imperialis_militia_full_payload" time="0.159" /><testcase classname="backend.tests.test_new_armies" name="test_astartes_legions_still_have_default_limits" time="0.141" /></testsuite></testsuites>