<?xml version="1.0" encoding="utf-8"?><testsuites name="pytest tests"><testsuite name="pytest" errors="0" failures="0" skipped="0" tests="9" time="0.319" timestamp="2026-06-06T22:30:40.908277+00:00" hostname="agent-env-f8b7fbd8-0163-4b26-9baf-ad02c9ef0ed3"><testcase classname="tests.test_max_per_caps" name="test_max_per_points_caps_exist" time="0.050" /><testcase classname="tests.test_max_per_caps" name="test_formations_without_cap_have_no_maxper" time="0.025" /><testcase classname="tests.test_knight_titan" name="test_factions_list_includes_knight_and_titan" time="0.021" /><testcase classname="tests.test_knight_titan" name="test_knight_household_payload" time="0.033" /><testcase classname="tests.test_knight_titan" name="test_legio_titanicus_payload" time="0.022" /><testcase classname="tests.test_new_armies" name="test_factions_list_includes_new_armies" time="0.024" /><testcase classname="tests.test_new_armies" name="test_solar_auxilia_full_payload" time="0.023" /><testcase classname="tests.test_new_armies" name="test_imperialis_militia_full_payload" time="0.024" /><testcase classname="tests.test_new_armies" name="test_astartes_legions_still_have_default_limits" time="0.025" /></testsuite></testsuites>