<?xml version="1.0" encoding="utf-8"?><testsuites name="pytest tests"><testsuite name="pytest" errors="0" failures="0" skipped="0" tests="44" time="10.983" timestamp="2026-06-06T18:05:39.506231+00:00" hostname="agent-env-f8b7fbd8-0163-4b26-9baf-ad02c9ef0ed3"><testcase classname="backend.tests.test_legions.TestFactionList" name="test_exactly_18" time="0.212" /><testcase classname="backend.tests.test_legions.TestFactionList" name="test_all_expected_ids_present" time="0.000" /><testcase classname="backend.tests.test_legions.TestFactionList" name="test_required_summary_fields" time="0.000" /><testcase classname="backend.tests.test_legions.TestFactionList" name="test_identity_overrides_in_list" time="0.000" /><testcase classname="backend.tests.test_legions.TestFactionDetail" name="test_detail_status_and_shape[dark-angels]" time="2.060" /><testcase classname="backend.tests.test_legions.TestFactionDetail" name="test_detail_status_and_shape[emperors-children]" time="0.194" /><testcase classname="backend.tests.test_legions.TestFactionDetail" name="test_detail_status_and_shape[iron-warriors]" time="0.147" /><testcase classname="backend.tests.test_legions.TestFactionDetail" name="test_detail_status_and_shape[white-scars]" time="0.128" /><testcase classname="backend.tests.test_legions.TestFactionDetail" name="test_detail_status_and_shape[space-wolves]" time="0.159" /><testcase classname="backend.tests.test_legions.TestFactionDetail" name="test_detail_status_and_shape[imperial-fists]" time="0.143" /><testcase classname="backend.tests.test_legions.TestFactionDetail" name="test_detail_status_and_shape[night-lords]" time="0.177" /><testcase classname="backend.tests.test_legions.TestFactionDetail" name="test_detail_status_and_shape[blood-angels]" time="0.178" /><testcase classname="backend.tests.test_legions.TestFactionDetail" name="test_detail_status_and_shape[iron-hands]" time="0.165" /><testcase classname="backend.tests.test_legions.TestFactionDetail" name="test_detail_status_and_shape[world-eaters]" time="0.142" /><testcase classname="backend.tests.test_legions.TestFactionDetail" name="test_detail_status_and_shape[ultramarines]" time="0.157" /><testcase classname="backend.tests.test_legions.TestFactionDetail" name="test_detail_status_and_shape[death-guard]" time="0.161" /><testcase classname="backend.tests.test_legions.TestFactionDetail" name="test_detail_status_and_shape[thousand-sons]" time="0.135" /><testcase classname="backend.tests.test_legions.TestFactionDetail" name="test_detail_status_and_shape[sons-of-horus]" time="0.143" /><testcase classname="backend.tests.test_legions.TestFactionDetail" name="test_detail_status_and_shape[word-bearers]" time="0.145" /><testcase classname="backend.tests.test_legions.TestFactionDetail" name="test_detail_status_and_shape[salamanders]" time="0.158" /><testcase classname="backend.tests.test_legions.TestFactionDetail" name="test_detail_status_and_shape[raven-guard]" time="0.142" /><testcase classname="backend.tests.test_legions.TestFactionDetail" name="test_detail_status_and_shape[alpha-legion]" time="0.133" /><testcase classname="backend.tests.test_legions.TestFactionDetail" name="test_detail_identity_override[dark-angels]" time="0.125" /><testcase classname="backend.tests.test_legions.TestFactionDetail" name="test_detail_identity_override[emperors-children]" time="0.167" /><testcase classname="backend.tests.test_legions.TestFactionDetail" name="test_detail_identity_override[iron-warriors]" time="0.134" /><testcase classname="backend.tests.test_legions.TestFactionDetail" name="test_detail_identity_override[white-scars]" time="0.134" /><testcase classname="backend.tests.test_legions.TestFactionDetail" name="test_detail_identity_override[space-wolves]" time="0.136" /><testcase classname="backend.tests.test_legions.TestFactionDetail" name="test_detail_identity_override[imperial-fists]" time="0.130" /><testcase classname="backend.tests.test_legions.TestFactionDetail" name="test_detail_identity_override[night-lords]" time="0.134" /><testcase classname="backend.tests.test_legions.TestFactionDetail" name="test_detail_identity_override[blood-angels]" time="0.152" /><testcase classname="backend.tests.test_legions.TestFactionDetail" name="test_detail_identity_override[iron-hands]" time="0.141" /><testcase classname="backend.tests.test_legions.TestFactionDetail" name="test_detail_identity_override[world-eaters]" time="0.143" /><testcase classname="backend.tests.test_legions.TestFactionDetail" name="test_detail_identity_override[ultramarines]" time="0.133" /><testcase classname="backend.tests.test_legions.TestFactionDetail" name="test_detail_identity_override[death-guard]" time="0.155" /><testcase classname="backend.tests.test_legions.TestFactionDetail" name="test_detail_identity_override[thousand-sons]" time="0.142" /><testcase classname="backend.tests.test_legions.TestFactionDetail" name="test_detail_identity_override[sons-of-horus]" time="0.145" /><testcase classname="backend.tests.test_legions.TestFactionDetail" name="test_detail_identity_override[word-bearers]" time="0.133" /><testcase classname="backend.tests.test_legions.TestFactionDetail" name="test_detail_identity_override[salamanders]" time="0.155" /><testcase classname="backend.tests.test_legions.TestFactionDetail" name="test_detail_identity_override[raven-guard]" time="0.177" /><testcase classname="backend.tests.test_legions.TestFactionDetail" name="test_detail_identity_override[alpha-legion]" time="0.146" /><testcase classname="backend.tests.test_legions.TestFactionDetail" name="test_baseline_roster_size_consistent" time="2.704" /><testcase classname="backend.tests.test_legions.TestFactionDetail" name="test_404_on_unknown_id" time="0.135" /><testcase classname="backend.tests.test_legions.TestDarkAngelsCompositionAppend" name="test_dreadwing_rule_appended" time="0.308" /><testcase classname="backend.tests.test_legions.TestSalamandersTrait" name="test_promethean_fire" time="0.133" /></testsuite></testsuites>