<?xml version="1.0" encoding="utf-8"?><testsuites name="pytest tests"><testsuite name="pytest" errors="0" failures="27" skipped="0" tests="173" time="51.164" timestamp="2026-06-06T20:53:03.925870+00:00" hostname="agent-env-f8b7fbd8-0163-4b26-9baf-ad02c9ef0ed3"><testcase classname="backend.tests.test_expansion.TestCounts" name="test_formation_count_46" time="0.222" /><testcase classname="backend.tests.test_expansion.TestCounts" name="test_unit_count_71" time="0.000" /><testcase classname="backend.tests.test_expansion.TestCounts" name="test_category_breakdown" time="0.000" /><testcase classname="backend.tests.test_expansion.TestReaverReclass" name="test_reaver_is_line" time="0.000" /><testcase classname="backend.tests.test_expansion.TestLordsOfWar" name="test_low_present[plutona-assault-drill]" time="0.000" /><testcase classname="backend.tests.test_expansion.TestLordsOfWar" name="test_low_present[heavy-tank-battery]" time="0.000" /><testcase classname="backend.tests.test_expansion.TestLordsOfWar" name="test_low_present[superheavy-squadron]" time="0.000" /><testcase classname="backend.tests.test_expansion.TestLordsOfWar" name="test_low_present[superheavy-tank-destroyer]" time="0.000" /><testcase classname="backend.tests.test_expansion.TestLordsOfWar" name="test_low_present[gunship-flight]" time="0.000" /><testcase classname="backend.tests.test_expansion.TestLordsOfWar" name="test_low_present[interceptor-flight]" time="0.000" /><testcase classname="backend.tests.test_expansion.TestLordsOfWar" name="test_low_present[stormbird-lander]" time="0.000" /><testcase classname="backend.tests.test_expansion.TestNewSupport" name="test_support_present[destroyer-squad]" time="0.000" /><testcase classname="backend.tests.test_expansion.TestNewSupport" name="test_support_present[inductii-squad]" time="0.000" /><testcase classname="backend.tests.test_expansion.TestNewSupport" name="test_support_present[recon-squad]" time="0.000" /><testcase classname="backend.tests.test_expansion.TestNewSupport" name="test_support_present[scout-detachment]" time="0.000" /><testcase classname="backend.tests.test_expansion.TestNewSupport" name="test_support_present[veteran-squad]" time="0.000" /><testcase classname="backend.tests.test_expansion.TestNewSupport" name="test_support_present[outrider-squad]" time="0.000" /><testcase classname="backend.tests.test_expansion.TestNewSupport" name="test_support_present[jetbike-squad]" time="0.000" /><testcase classname="backend.tests.test_expansion.TestNewSupport" name="test_support_present[land-speeder-squadron]" time="0.000" /><testcase classname="backend.tests.test_expansion.TestNewSupport" name="test_support_present[javelin-squadron]" time="0.000" /><testcase classname="backend.tests.test_expansion.TestNewSupport" name="test_support_present[castraferrum-talon]" time="0.000" /><testcase classname="backend.tests.test_expansion.TestNewSupport" name="test_support_present[contemptor-talon]" time="0.000" /><testcase classname="backend.tests.test_expansion.TestNewSupport" name="test_support_present[leviathan-talon]" time="0.000" /><testcase classname="backend.tests.test_expansion.TestNewSupport" name="test_support_present[air-defence-battery]" time="0.000" /><testcase classname="backend.tests.test_expansion.TestNewSupport" name="test_support_present[artillery-battery-arquitor]" time="0.000" /><testcase classname="backend.tests.test_expansion.TestNewSupport" name="test_support_present[artillery-battery-basilisk]" time="0.000" /><testcase classname="backend.tests.test_expansion.TestNewSupport" name="test_support_present[artillery-battery-medusa]" time="0.000" /><testcase classname="backend.tests.test_expansion.TestNewSupport" name="test_support_present[artillery-battery-whirlwind]" time="0.000" /><testcase classname="backend.tests.test_expansion.TestNewSupport" name="test_support_present[kratos-heavy-squadron]" time="0.000" /><testcase classname="backend.tests.test_expansion.TestNewSupport" name="test_support_present[land-raider-squadron]" time="0.000" /><testcase classname="backend.tests.test_expansion.TestNewSupport" name="test_support_present[predator-squadron]" time="0.000" /><testcase classname="backend.tests.test_expansion.TestNewSupport" name="test_support_present[sabre-squadron]" time="0.000" /><testcase classname="backend.tests.test_expansion.TestNewSupport" name="test_support_present[sicaran-squadron]" time="0.000" /><testcase classname="backend.tests.test_expansion.TestNewSupport" name="test_support_present[vindicator-squadron]" time="0.000" /><testcase classname="backend.tests.test_expansion.TestNewSupport" name="test_support_present[storm-eagle-flight]" time="0.000" /><testcase classname="backend.tests.test_expansion.TestNewSupport" name="test_support_present[thunderhawk-gunship]" time="0.000" /><testcase classname="backend.tests.test_expansion.TestNewSupport" name="test_support_present[thunderhawk-transporter-flight]" time="0.000" /><testcase classname="backend.tests.test_expansion.TestNewSupport" name="test_support_present[legion-spacecraft-strike-cruiser]" time="0.000" /><testcase classname="backend.tests.test_expansion.TestNewSupport" name="test_support_present[legion-spacecraft-battleship]" time="0.000" /><testcase classname="backend.tests.test_expansion.TestNewSupport" name="test_support_present[assault-squad-support]" time="0.000" /><testcase classname="backend.tests.test_expansion.TestNewSupport" name="test_support_present[breacher-squad-support]" time="0.000" /><testcase classname="backend.tests.test_expansion.TestNewSupport" name="test_support_present[rapier-battery]" time="0.000" /><testcase classname="backend.tests.test_expansion.TestUnitRefs" name="test_no_broken_unit_refs" time="0.000" /><testcase classname="backend.tests.test_expansion.TestKeyLoWUnitsExist" name="test_plutona_and_stormbird_units" time="0.000" /><testcase classname="backend.tests.test_factions.TestRoot" name="test_root" time="0.153" /><testcase classname="backend.tests.test_factions.TestFactionList" name="test_list_factions_status" time="0.094" /><testcase classname="backend.tests.test_factions.TestFactionList" name="test_list_factions_contains_sons_of_horus" time="0.078" /><testcase classname="backend.tests.test_factions.TestFactionDetail" name="test_get_sons_of_horus" time="0.083" /><testcase classname="backend.tests.test_factions.TestFactionDetail" name="test_get_faction_not_found" time="0.077" /><testcase classname="backend.tests.test_factions.TestFactionDetail" name="test_formation_ids_include_expected" time="0.083" /><testcase classname="backend.tests.test_legions.TestFactionList" name="test_exactly_18" time="0.116"><failure message="AssertionError: expected 18 factions, got 20: ['dark-angels', 'emperors-children', 'iron-warriors', 'white-scars', 'space-wolves', 'imperial-fists', 'night-lords', 'blood-angels', 'iron-hands', 'world-eaters', 'ultramarines', 'death-guard', 'thousand-sons', 'sons-of-horus', 'word-bearers', 'salamanders', 'raven-guard', 'alpha-legion', 'solar-auxilia', 'imperialis-militia']&#10;assert 20 == 18&#10; +  where 20 = len([{'available': True, 'color': '#1F4D2B', 'id': 'dark-angels', 'legionTrait': {'description': 'Dark Angels may take 1 free Champion upgrade per 750 points and may upgrade any unit which has access to the Consul upgrade. In addition, units with a Champion, Lieutenant Commander, or Supreme Commander upgrade may add +1 to their Close Combat value (up to a maximum of 2+).', 'name': 'Paragons of Battle'}, ...}, {'available': True, 'color': '#7A2DA0', 'id': 'emperors-children', 'legionTrait': {'description': 'Once per game, a player may elect to add 1 to their Strategy Rating when rolling for Initiative. For that turn, they may also re-roll any one additional failed Action test (you may not re-roll a re-roll). In addition, for that turn, any Character unit may add +1 to their Close Combat value (up to a maximum of 2+).', 'name': 'Exemplars of War'}, ...}, {'available': True, 'color': '#8C8079', 'id': 'iron-warriors', 'legionTrait': {'description': 'While taking a Shooting action, Iron Warriors impart a -1 modifier to enemy cover saves. Furthermore, Iron Warrior Infantry Character units gain the Siege trait.', 'name': 'Brick by Brick'}, ...}, {'available': True, 'color': '#E6E2D3', 'id': 'white-scars', 'legionTrait': {'description': 'Legion Light Vehicles and Armoured Vehicles ignore the -1 penalty to shooting attacks when taking a Double action. In addition, all Aircraft, Light Vehicles, Armoured Vehicles, and units with the Mounted trait may re-roll all failed dangerous terrain checks.', 'name': 'Wind Born'}, ...}, {'available': True, 'color': '#324C5E', 'id': 'space-wolves', 'legionTrait': {'description': 'Space Wolf Character units gain the Brutal trait. In addition, Infantry units in this Legion gain +5cm to their countercharge and consolidation moves.', 'name': 'Loping Advance'}, ...}, {'available': True, 'color': '#C9A227', 'id': 'imperial-fists', 'legionTrait': {'description': 'Imperial Fist Tactical, Breacher, Phalanx Warder and Templar Brethren units may re-roll failed To Hit rolls of 1 when firing in the Firefight phase, and any formation containing at least one Phalanx Warder or Templar Brethren unit counts as having a Champion for the purposes of formation-level rules.', 'name': 'Disciplined Doctrine'}, ...}, ...])">backend/tests/test_legions.py:56: in test_exactly_18
    assert len(factions) == 18, f"expected 18 factions, got {len(factions)}: {[f['id'] for f in factions]}"
E   AssertionError: expected 18 factions, got 20: ['dark-angels', 'emperors-children', 'iron-warriors', 'white-scars', 'space-wolves', 'imperial-fists', 'night-lords', 'blood-angels', 'iron-hands', 'world-eaters', 'ultramarines', 'death-guard', 'thousand-sons', 'sons-of-horus', 'word-bearers', 'salamanders', 'raven-guard', 'alpha-legion', 'solar-auxilia', 'imperialis-militia']
E   assert 20 == 18
E    +  where 20 = len([{'available': True, 'color': '#1F4D2B', 'id': 'dark-angels', 'legionTrait': {'description': 'Dark Angels may take 1 free Champion upgrade per 750 points and may upgrade any unit which has access to the Consul upgrade. In addition, units with a Champion, Lieutenant Commander, or Supreme Commander upgrade may add +1 to their Close Combat value (up to a maximum of 2+).', 'name': 'Paragons of Battle'}, ...}, {'available': True, 'color': '#7A2DA0', 'id': 'emperors-children', 'legionTrait': {'description': 'Once per game, a player may elect to add 1 to their Strategy Rating when rolling for Initiative. For that turn, they may also re-roll any one additional failed Action test (you may not re-roll a re-roll). In addition, for that turn, any Character unit may add +1 to their Close Combat value (up to a maximum of 2+).', 'name': 'Exemplars of War'}, ...}, {'available': True, 'color': '#8C8079', 'id': 'iron-warriors', 'legionTrait': {'description': 'While taking a Shooting action, Iron Warriors impart a -1 modifier to enemy cover saves. Furthermore, Iron Warrior Infantry Character units gain the Siege trait.', 'name': 'Brick by Brick'}, ...}, {'available': True, 'color': '#E6E2D3', 'id': 'white-scars', 'legionTrait': {'description': 'Legion Light Vehicles and Armoured Vehicles ignore the -1 penalty to shooting attacks when taking a Double action. In addition, all Aircraft, Light Vehicles, Armoured Vehicles, and units with the Mounted trait may re-roll all failed dangerous terrain checks.', 'name': 'Wind Born'}, ...}, {'available': True, 'color': '#324C5E', 'id': 'space-wolves', 'legionTrait': {'description': 'Space Wolf Character units gain the Brutal trait. In addition, Infantry units in this Legion gain +5cm to their countercharge and consolidation moves.', 'name': 'Loping Advance'}, ...}, {'available': True, 'color': '#C9A227', 'id': 'imperial-fists', 'legionTrait': {'description': 'Imperial Fist Tactical, Breacher, Phalanx Warder and Templar Brethren units may re-roll failed To Hit rolls of 1 when firing in the Firefight phase, and any formation containing at least one Phalanx Warder or Templar Brethren unit counts as having a Champion for the purposes of formation-level rules.', 'name': 'Disciplined Doctrine'}, ...}, ...])</failure></testcase><testcase classname="backend.tests.test_legions.TestFactionList" name="test_all_expected_ids_present" time="0.000" /><testcase classname="backend.tests.test_legions.TestFactionList" name="test_required_summary_fields" time="0.000" /><testcase classname="backend.tests.test_legions.TestFactionList" name="test_identity_overrides_in_list" time="0.000"><failure message="AssertionError: dark-angels trait mismatch (Paragons of Battle)&#10;assert 'Paragons of Battle' == 'Grim Resolve'&#10;  &#10;  - Grim Resolve&#10;  + Paragons of Battle">backend/tests/test_legions.py:75: in test_identity_overrides_in_list
    assert f["legionTrait"]["name"] == exp["trait"], f"{fid} trait mismatch ({f['legionTrait']['name']})"
E   AssertionError: dark-angels trait mismatch (Paragons of Battle)
E   assert 'Paragons of Battle' == 'Grim Resolve'
E     
E     - Grim Resolve
E     + Paragons of Battle</failure></testcase><testcase classname="backend.tests.test_legions.TestFactionDetail" name="test_detail_status_and_shape[dark-angels]" time="0.139" /><testcase classname="backend.tests.test_legions.TestFactionDetail" name="test_detail_status_and_shape[emperors-children]" time="0.156" /><testcase classname="backend.tests.test_legions.TestFactionDetail" name="test_detail_status_and_shape[iron-warriors]" time="0.140" /><testcase classname="backend.tests.test_legions.TestFactionDetail" name="test_detail_status_and_shape[white-scars]" time="0.139" /><testcase classname="backend.tests.test_legions.TestFactionDetail" name="test_detail_status_and_shape[space-wolves]" time="0.142" /><testcase classname="backend.tests.test_legions.TestFactionDetail" name="test_detail_status_and_shape[imperial-fists]" time="0.123" /><testcase classname="backend.tests.test_legions.TestFactionDetail" name="test_detail_status_and_shape[night-lords]" time="0.140" /><testcase classname="backend.tests.test_legions.TestFactionDetail" name="test_detail_status_and_shape[blood-angels]" time="0.145" /><testcase classname="backend.tests.test_legions.TestFactionDetail" name="test_detail_status_and_shape[iron-hands]" time="0.132" /><testcase classname="backend.tests.test_legions.TestFactionDetail" name="test_detail_status_and_shape[world-eaters]" time="0.130" /><testcase classname="backend.tests.test_legions.TestFactionDetail" name="test_detail_status_and_shape[ultramarines]" time="0.128" /><testcase classname="backend.tests.test_legions.TestFactionDetail" name="test_detail_status_and_shape[death-guard]" time="0.129" /><testcase classname="backend.tests.test_legions.TestFactionDetail" name="test_detail_status_and_shape[thousand-sons]" time="0.149" /><testcase classname="backend.tests.test_legions.TestFactionDetail" name="test_detail_status_and_shape[sons-of-horus]" time="0.143" /><testcase classname="backend.tests.test_legions.TestFactionDetail" name="test_detail_status_and_shape[word-bearers]" time="0.148" /><testcase classname="backend.tests.test_legions.TestFactionDetail" name="test_detail_status_and_shape[salamanders]" time="0.132" /><testcase classname="backend.tests.test_legions.TestFactionDetail" name="test_detail_status_and_shape[raven-guard]" time="0.145" /><testcase classname="backend.tests.test_legions.TestFactionDetail" name="test_detail_status_and_shape[alpha-legion]" time="0.137" /><testcase classname="backend.tests.test_legions.TestFactionDetail" name="test_detail_identity_override[dark-angels]" time="0.130"><failure message="AssertionError: assert 'Paragons of Battle' == 'Grim Resolve'&#10;  &#10;  - Grim Resolve&#10;  + Paragons of Battle">backend/tests/test_legions.py:102: in test_detail_identity_override
    assert d["legionTrait"]["name"] == exp["trait"]
E   AssertionError: assert 'Paragons of Battle' == 'Grim Resolve'
E     
E     - Grim Resolve
E     + Paragons of Battle</failure></testcase><testcase classname="backend.tests.test_legions.TestFactionDetail" name="test_detail_identity_override[emperors-children]" time="0.126"><failure message="AssertionError: assert 'Exemplars of War' == 'Flawless Execution'&#10;  &#10;  - Flawless Execution&#10;  + Exemplars of War">backend/tests/test_legions.py:102: in test_detail_identity_override
    assert d["legionTrait"]["name"] == exp["trait"]
E   AssertionError: assert 'Exemplars of War' == 'Flawless Execution'
E     
E     - Flawless Execution
E     + Exemplars of War</failure></testcase><testcase classname="backend.tests.test_legions.TestFactionDetail" name="test_detail_identity_override[iron-warriors]" time="0.146"><failure message="AssertionError: assert 'Brick by Brick' == 'Siege Masters'&#10;  &#10;  - Siege Masters&#10;  + Brick by Brick">backend/tests/test_legions.py:102: in test_detail_identity_override
    assert d["legionTrait"]["name"] == exp["trait"]
E   AssertionError: assert 'Brick by Brick' == 'Siege Masters'
E     
E     - Siege Masters
E     + Brick by Brick</failure></testcase><testcase classname="backend.tests.test_legions.TestFactionDetail" name="test_detail_identity_override[white-scars]" time="0.138"><failure message="AssertionError: assert 'Wind Born' == 'Lightning Attack'&#10;  &#10;  - Lightning Attack&#10;  + Wind Born">backend/tests/test_legions.py:102: in test_detail_identity_override
    assert d["legionTrait"]["name"] == exp["trait"]
E   AssertionError: assert 'Wind Born' == 'Lightning Attack'
E     
E     - Lightning Attack
E     + Wind Born</failure></testcase><testcase classname="backend.tests.test_legions.TestFactionDetail" name="test_detail_identity_override[space-wolves]" time="0.131"><failure message="AssertionError: assert 'Loping Advance' == 'Sons of Russ'&#10;  &#10;  - Sons of Russ&#10;  + Loping Advance">backend/tests/test_legions.py:102: in test_detail_identity_override
    assert d["legionTrait"]["name"] == exp["trait"]
E   AssertionError: assert 'Loping Advance' == 'Sons of Russ'
E     
E     - Sons of Russ
E     + Loping Advance</failure></testcase><testcase classname="backend.tests.test_legions.TestFactionDetail" name="test_detail_identity_override[imperial-fists]" time="0.126"><failure message="AssertionError: assert '#C9A227' == '#D0A93B'&#10;  &#10;  - #D0A93B&#10;  + #C9A227">backend/tests/test_legions.py:101: in test_detail_identity_override
    assert d["color"].upper() == exp["color"].upper()
E   AssertionError: assert '#C9A227' == '#D0A93B'
E     
E     - #D0A93B
E     + #C9A227</failure></testcase><testcase classname="backend.tests.test_legions.TestFactionDetail" name="test_detail_identity_override[night-lords]" time="0.125"><failure message="AssertionError: assert 'Unspeakable Horrors' == 'Terror Tactics'&#10;  &#10;  - Terror Tactics&#10;  + Unspeakable Horrors">backend/tests/test_legions.py:102: in test_detail_identity_override
    assert d["legionTrait"]["name"] == exp["trait"]
E   AssertionError: assert 'Unspeakable Horrors' == 'Terror Tactics'
E     
E     - Terror Tactics
E     + Unspeakable Horrors</failure></testcase><testcase classname="backend.tests.test_legions.TestFactionDetail" name="test_detail_identity_override[blood-angels]" time="0.130"><failure message="AssertionError: assert '#A4161A' == '#A41C1C'&#10;  &#10;  - #A41C1C&#10;  + #A4161A">backend/tests/test_legions.py:101: in test_detail_identity_override
    assert d["color"].upper() == exp["color"].upper()
E   AssertionError: assert '#A4161A' == '#A41C1C'
E     
E     - #A41C1C
E     + #A4161A</failure></testcase><testcase classname="backend.tests.test_legions.TestFactionDetail" name="test_detail_identity_override[iron-hands]" time="0.139"><failure message="AssertionError: assert 'Iron Resolve' == 'Flesh is Weak'&#10;  &#10;  - Flesh is Weak&#10;  + Iron Resolve">backend/tests/test_legions.py:102: in test_detail_identity_override
    assert d["legionTrait"]["name"] == exp["trait"]
E   AssertionError: assert 'Iron Resolve' == 'Flesh is Weak'
E     
E     - Flesh is Weak
E     + Iron Resolve</failure></testcase><testcase classname="backend.tests.test_legions.TestFactionDetail" name="test_detail_identity_override[world-eaters]" time="0.148"><failure message="AssertionError: assert 'Bloodlust' == 'Blood Frenzy'&#10;  &#10;  - Blood Frenzy&#10;  + Bloodlust">backend/tests/test_legions.py:102: in test_detail_identity_override
    assert d["legionTrait"]["name"] == exp["trait"]
E   AssertionError: assert 'Bloodlust' == 'Blood Frenzy'
E     
E     - Blood Frenzy
E     + Bloodlust</failure></testcase><testcase classname="backend.tests.test_legions.TestFactionDetail" name="test_detail_identity_override[ultramarines]" time="0.139"><failure message="AssertionError: assert 'Interlocking Tactics' == 'Codex Astartes'&#10;  &#10;  - Codex Astartes&#10;  + Interlocking Tactics">backend/tests/test_legions.py:102: in test_detail_identity_override
    assert d["legionTrait"]["name"] == exp["trait"]
E   AssertionError: assert 'Interlocking Tactics' == 'Codex Astartes'
E     
E     - Codex Astartes
E     + Interlocking Tactics</failure></testcase><testcase classname="backend.tests.test_legions.TestFactionDetail" name="test_detail_identity_override[death-guard]" time="0.144"><failure message="AssertionError: assert 'Indefatigable' == 'Indomitable'&#10;  &#10;  - Indomitable&#10;  + Indefatigable">backend/tests/test_legions.py:102: in test_detail_identity_override
    assert d["legionTrait"]["name"] == exp["trait"]
E   AssertionError: assert 'Indefatigable' == 'Indomitable'
E     
E     - Indomitable
E     + Indefatigable</failure></testcase><testcase classname="backend.tests.test_legions.TestFactionDetail" name="test_detail_identity_override[thousand-sons]" time="0.172"><failure message="AssertionError: assert 'Might and Magic' == 'Sorcerous Lore'&#10;  &#10;  - Sorcerous Lore&#10;  + Might and Magic">backend/tests/test_legions.py:102: in test_detail_identity_override
    assert d["legionTrait"]["name"] == exp["trait"]
E   AssertionError: assert 'Might and Magic' == 'Sorcerous Lore'
E     
E     - Sorcerous Lore
E     + Might and Magic</failure></testcase><testcase classname="backend.tests.test_legions.TestFactionDetail" name="test_detail_identity_override[sons-of-horus]" time="0.145" /><testcase classname="backend.tests.test_legions.TestFactionDetail" name="test_detail_identity_override[word-bearers]" time="0.146"><failure message="AssertionError: assert 'Fanatical Zeal' == 'Zealots'&#10;  &#10;  - Zealots&#10;  + Fanatical Zeal">backend/tests/test_legions.py:102: in test_detail_identity_override
    assert d["legionTrait"]["name"] == exp["trait"]
E   AssertionError: assert 'Fanatical Zeal' == 'Zealots'
E     
E     - Zealots
E     + Fanatical Zeal</failure></testcase><testcase classname="backend.tests.test_legions.TestFactionDetail" name="test_detail_identity_override[salamanders]" time="0.136"><failure message="AssertionError: assert '#138A36' == '#0E5C3A'&#10;  &#10;  - #0E5C3A&#10;  + #138A36">backend/tests/test_legions.py:101: in test_detail_identity_override
    assert d["color"].upper() == exp["color"].upper()
E   AssertionError: assert '#138A36' == '#0E5C3A'
E     
E     - #0E5C3A
E     + #138A36</failure></testcase><testcase classname="backend.tests.test_legions.TestFactionDetail" name="test_detail_identity_override[raven-guard]" time="0.137"><failure message="AssertionError: assert 'Strike From the Shadows' == 'Shadow Masters'&#10;  &#10;  - Shadow Masters&#10;  + Strike From the Shadows">backend/tests/test_legions.py:102: in test_detail_identity_override
    assert d["legionTrait"]["name"] == exp["trait"]
E   AssertionError: assert 'Strike From the Shadows' == 'Shadow Masters'
E     
E     - Shadow Masters
E     + Strike From the Shadows</failure></testcase><testcase classname="backend.tests.test_legions.TestFactionDetail" name="test_detail_identity_override[alpha-legion]" time="0.131"><failure message="assert 'Twin Serpents' == &quot;Hydra's Many Heads&quot;&#10;  &#10;  - Hydra's Many Heads&#10;  + Twin Serpents">backend/tests/test_legions.py:102: in test_detail_identity_override
    assert d["legionTrait"]["name"] == exp["trait"]
E   assert 'Twin Serpents' == "Hydra's Many Heads"
E     
E     - Hydra's Many Heads
E     + Twin Serpents</failure></testcase><testcase classname="backend.tests.test_legions.TestFactionDetail" name="test_baseline_roster_size_consistent" time="0.263"><failure message="AssertionError: dark-angels has 45 formations vs ref 46&#10;assert 45 == 46&#10; +  where 45 = len([{'allowedUpgrades': ['standard-transport', 'drop-assault', 'assault-claw', 'heavy-transport', 'consul', 'armoury-asset', ...], 'baseCost': 275, 'category': 'Line', 'composition': '8 Tactical OR 8 Despoiler units', ...}, {'allowedUpgrades': ['drop-assault', 'consul'], 'baseCost': 300, 'category': 'Line', 'composition': '8 Assault units (+25 each additional, up to 10)', ...}, {'allowedUpgrades': ['drop-assault', 'assault-claw', 'heavy-transport', 'consul', 'armoury-asset', 'dreadnought', ...], 'baseCost': 300, 'category': 'Line', 'composition': '8 Breacher units (+25 each additional, up to 10)', ...}, {'allowedUpgrades': ['assault-claw', 'heavy-transport', 'teleport', 'consul', 'armoury-asset', 'dreadnought', ...], 'baseCost': 300, 'category': 'Line', 'composition': '4 Terminator units (+75 each additional, up to 6)', ...}, {'allowedUpgrades': ['drop-assault', 'consul'], 'baseCost': 175, 'category': 'Support', 'composition': '4 Assault units', ...}, {'allowedUpgrades': ['drop-assault', 'assault-claw', 'heavy-transport', 'consul', 'armoury-asset', 'dreadnought'], 'baseCost': 175, 'category': 'Support', 'composition': '4 Breacher units', ...}, ...])">backend/tests/test_legions.py:117: in test_baseline_roster_size_consistent
    assert len(d["formations"]) == n_form, f"{fid} has {len(d['formations'])} formations vs ref {n_form}"
E   AssertionError: dark-angels has 45 formations vs ref 46
E   assert 45 == 46
E    +  where 45 = len([{'allowedUpgrades': ['standard-transport', 'drop-assault', 'assault-claw', 'heavy-transport', 'consul', 'armoury-asset', ...], 'baseCost': 275, 'category': 'Line', 'composition': '8 Tactical OR 8 Despoiler units', ...}, {'allowedUpgrades': ['drop-assault', 'consul'], 'baseCost': 300, 'category': 'Line', 'composition': '8 Assault units (+25 each additional, up to 10)', ...}, {'allowedUpgrades': ['drop-assault', 'assault-claw', 'heavy-transport', 'consul', 'armoury-asset', 'dreadnought', ...], 'baseCost': 300, 'category': 'Line', 'composition': '8 Breacher units (+25 each additional, up to 10)', ...}, {'allowedUpgrades': ['assault-claw', 'heavy-transport', 'teleport', 'consul', 'armoury-asset', 'dreadnought', ...], 'baseCost': 300, 'category': 'Line', 'composition': '4 Terminator units (+75 each additional, up to 6)', ...}, {'allowedUpgrades': ['drop-assault', 'consul'], 'baseCost': 175, 'category': 'Support', 'composition': '4 Assault units', ...}, {'allowedUpgrades': ['drop-assault', 'assault-claw', 'heavy-transport', 'consul', 'armoury-asset', 'dreadnought'], 'baseCost': 175, 'category': 'Support', 'composition': '4 Breacher units', ...}, ...])</failure></testcase><testcase classname="backend.tests.test_legions.TestFactionDetail" name="test_404_on_unknown_id" time="0.123" /><testcase classname="backend.tests.test_legions.TestDarkAngelsCompositionAppend" name="test_dreadwing_rule_appended" time="0.125"><failure message="AssertionError: missing Dreadwing in compositionRules: ['Max 3 Support detachments per Line detachment in the army.', 'Max 4 Upgrades per formation.', 'Max 1/3 of total points value may be spent on Lords of War or Allies.', 'Interremptors and Deathwing Companions: 1 per 2,000 pts each.', &quot;Primarch Lion El'Jonson may only be taken once and counts as your Supreme Commander.&quot;]&#10;assert 'Dreadwing' in &quot;Max 3 Support detachments per Line detachment in the army. | Max 4 Upgrades per formation. | Max 1/3 of total points value may be spent on Lords of War or Allies. | Interremptors and Deathwing Companions: 1 per 2,000 pts each. | Primarch Lion El'Jonson may only be taken once and counts as your Supreme Commander.&quot;">backend/tests/test_legions.py:136: in test_dreadwing_rule_appended
    assert keyword in joined, f"missing {keyword} in compositionRules: {rules}"
E   AssertionError: missing Dreadwing in compositionRules: ['Max 3 Support detachments per Line detachment in the army.', 'Max 4 Upgrades per formation.', 'Max 1/3 of total points value may be spent on Lords of War or Allies.', 'Interremptors and Deathwing Companions: 1 per 2,000 pts each.', "Primarch Lion El'Jonson may only be taken once and counts as your Supreme Commander."]
E   assert 'Dreadwing' in "Max 3 Support detachments per Line detachment in the army. | Max 4 Upgrades per formation. | Max 1/3 of total points value may be spent on Lords of War or Allies. | Interremptors and Deathwing Companions: 1 per 2,000 pts each. | Primarch Lion El'Jonson may only be taken once and counts as your Supreme Commander."</failure></testcase><testcase classname="backend.tests.test_legions.TestSalamandersTrait" name="test_promethean_fire" time="0.141"><failure message="AssertionError: assert 'Promethean Cult' == 'Promethean Fire'&#10;  &#10;  - Promethean Fire&#10;  + Promethean Cult">backend/tests/test_legions.py:148: in test_promethean_fire
    assert d["legionTrait"]["name"] == "Promethean Fire"
E   AssertionError: assert 'Promethean Cult' == 'Promethean Fire'
E     
E     - Promethean Fire
E     + Promethean Cult</failure></testcase><testcase classname="backend.tests.test_new_armies" name="test_factions_list_includes_new_armies" time="0.141" /><testcase classname="backend.tests.test_new_armies" name="test_solar_auxilia_full_payload" time="0.123" /><testcase classname="backend.tests.test_new_armies" name="test_imperialis_militia_full_payload" time="0.134" /><testcase classname="backend.tests.test_new_armies" name="test_astartes_legions_still_have_default_limits" time="0.124" /><testcase classname="backend.tests.test_soh_isolation.TestBaselineHidden" name="test_list_is_exactly_18_and_no_baseline" time="0.123"><failure message="AssertionError: expected 18, got 20: ['dark-angels', 'emperors-children', 'iron-warriors', 'white-scars', 'space-wolves', 'imperial-fists', 'night-lords', 'blood-angels', 'iron-hands', 'world-eaters', 'ultramarines', 'death-guard', 'thousand-sons', 'sons-of-horus', 'word-bearers', 'salamanders', 'raven-guard', 'alpha-legion', 'solar-auxilia', 'imperialis-militia']&#10;assert 20 == 18&#10; +  where 20 = len(['dark-angels', 'emperors-children', 'iron-warriors', 'white-scars', 'space-wolves', 'imperial-fists', ...])">backend/tests/test_soh_isolation.py:37: in test_list_is_exactly_18_and_no_baseline
    assert len(ids) == 18, f"expected 18, got {len(ids)}: {ids}"
E   AssertionError: expected 18, got 20: ['dark-angels', 'emperors-children', 'iron-warriors', 'white-scars', 'space-wolves', 'imperial-fists', 'night-lords', 'blood-angels', 'iron-hands', 'world-eaters', 'ultramarines', 'death-guard', 'thousand-sons', 'sons-of-horus', 'word-bearers', 'salamanders', 'raven-guard', 'alpha-legion', 'solar-auxilia', 'imperialis-militia']
E   assert 20 == 18
E    +  where 20 = len(['dark-angels', 'emperors-children', 'iron-warriors', 'white-scars', 'space-wolves', 'imperial-fists', ...])</failure></testcase><testcase classname="backend.tests.test_soh_isolation.TestBaselineHidden" name="test_baseline_detail_returns_404_or_hidden" time="0.129" /><testcase classname="backend.tests.test_soh_isolation.TestSonsOfHorusOverrides" name="test_soh_has_all_extra_formations" time="0.138" /><testcase classname="backend.tests.test_soh_isolation.TestSonsOfHorusOverrides" name="test_soh_has_all_extra_units" time="0.000" /><testcase classname="backend.tests.test_soh_isolation.TestSonsOfHorusOverrides" name="test_soh_tactical_detachment_has_despoiler_option" time="0.000" /><testcase classname="backend.tests.test_soh_isolation.TestSonsOfHorusOverrides" name="test_soh_composition_rules_include_overrides" time="0.000" /><testcase classname="backend.tests.test_soh_isolation.TestSonsOfHorusOverrides" name="test_soh_trait_is_death_dealers" time="0.000" /><testcase classname="backend.tests.test_soh_isolation.TestNoBleedIntoOtherLegions" name="test_no_soh_formations[dark-angels]" time="0.131" /><testcase classname="backend.tests.test_soh_isolation.TestNoBleedIntoOtherLegions" name="test_no_soh_formations[emperors-children]" time="0.132" /><testcase classname="backend.tests.test_soh_isolation.TestNoBleedIntoOtherLegions" name="test_no_soh_formations[iron-warriors]" time="0.142" /><testcase classname="backend.tests.test_soh_isolation.TestNoBleedIntoOtherLegions" name="test_no_soh_formations[white-scars]" time="0.131" /><testcase classname="backend.tests.test_soh_isolation.TestNoBleedIntoOtherLegions" name="test_no_soh_formations[space-wolves]" time="0.130" /><testcase classname="backend.tests.test_soh_isolation.TestNoBleedIntoOtherLegions" name="test_no_soh_formations[imperial-fists]" time="0.132" /><testcase classname="backend.tests.test_soh_isolation.TestNoBleedIntoOtherLegions" name="test_no_soh_formations[night-lords]" time="0.141" /><testcase classname="backend.tests.test_soh_isolation.TestNoBleedIntoOtherLegions" name="test_no_soh_formations[blood-angels]" time="0.129" /><testcase classname="backend.tests.test_soh_isolation.TestNoBleedIntoOtherLegions" name="test_no_soh_formations[iron-hands]" time="0.127" /><testcase classname="backend.tests.test_soh_isolation.TestNoBleedIntoOtherLegions" name="test_no_soh_formations[world-eaters]" time="0.139" /><testcase classname="backend.tests.test_soh_isolation.TestNoBleedIntoOtherLegions" name="test_no_soh_formations[ultramarines]" time="0.144" /><testcase classname="backend.tests.test_soh_isolation.TestNoBleedIntoOtherLegions" name="test_no_soh_formations[death-guard]" time="0.131" /><testcase classname="backend.tests.test_soh_isolation.TestNoBleedIntoOtherLegions" name="test_no_soh_formations[thousand-sons]" time="0.151" /><testcase classname="backend.tests.test_soh_isolation.TestNoBleedIntoOtherLegions" name="test_no_soh_formations[word-bearers]" time="0.124" /><testcase classname="backend.tests.test_soh_isolation.TestNoBleedIntoOtherLegions" name="test_no_soh_formations[salamanders]" time="0.155" /><testcase classname="backend.tests.test_soh_isolation.TestNoBleedIntoOtherLegions" name="test_no_soh_formations[raven-guard]" time="0.135" /><testcase classname="backend.tests.test_soh_isolation.TestNoBleedIntoOtherLegions" name="test_no_soh_formations[alpha-legion]" time="0.137" /><testcase classname="backend.tests.test_soh_isolation.TestNoBleedIntoOtherLegions" name="test_no_soh_units[dark-angels]" time="0.126" /><testcase classname="backend.tests.test_soh_isolation.TestNoBleedIntoOtherLegions" name="test_no_soh_units[emperors-children]" time="0.136" /><testcase classname="backend.tests.test_soh_isolation.TestNoBleedIntoOtherLegions" name="test_no_soh_units[iron-warriors]" time="0.185" /><testcase classname="backend.tests.test_soh_isolation.TestNoBleedIntoOtherLegions" name="test_no_soh_units[white-scars]" time="0.128" /><testcase classname="backend.tests.test_soh_isolation.TestNoBleedIntoOtherLegions" name="test_no_soh_units[space-wolves]" time="0.137" /><testcase classname="backend.tests.test_soh_isolation.TestNoBleedIntoOtherLegions" name="test_no_soh_units[imperial-fists]" time="0.130" /><testcase classname="backend.tests.test_soh_isolation.TestNoBleedIntoOtherLegions" name="test_no_soh_units[night-lords]" time="0.128"><failure message="AssertionError: night-lords leaked SoH units: {'despoiler'}&#10;assert not {'despoiler'}">backend/tests/test_soh_isolation.py:107: in test_no_soh_units
    assert not leaked, f"{fid} leaked SoH units: {leaked}"
E   AssertionError: night-lords leaked SoH units: {'despoiler'}
E   assert not {'despoiler'}</failure></testcase><testcase classname="backend.tests.test_soh_isolation.TestNoBleedIntoOtherLegions" name="test_no_soh_units[blood-angels]" time="0.133" /><testcase classname="backend.tests.test_soh_isolation.TestNoBleedIntoOtherLegions" name="test_no_soh_units[iron-hands]" time="0.148" /><testcase classname="backend.tests.test_soh_isolation.TestNoBleedIntoOtherLegions" name="test_no_soh_units[world-eaters]" time="0.149" /><testcase classname="backend.tests.test_soh_isolation.TestNoBleedIntoOtherLegions" name="test_no_soh_units[ultramarines]" time="0.129" /><testcase classname="backend.tests.test_soh_isolation.TestNoBleedIntoOtherLegions" name="test_no_soh_units[death-guard]" time="0.147" /><testcase classname="backend.tests.test_soh_isolation.TestNoBleedIntoOtherLegions" name="test_no_soh_units[thousand-sons]" time="0.131" /><testcase classname="backend.tests.test_soh_isolation.TestNoBleedIntoOtherLegions" name="test_no_soh_units[word-bearers]" time="0.146"><failure message="AssertionError: word-bearers leaked SoH units: {'despoiler'}&#10;assert not {'despoiler'}">backend/tests/test_soh_isolation.py:107: in test_no_soh_units
    assert not leaked, f"{fid} leaked SoH units: {leaked}"
E   AssertionError: word-bearers leaked SoH units: {'despoiler'}
E   assert not {'despoiler'}</failure></testcase><testcase classname="backend.tests.test_soh_isolation.TestNoBleedIntoOtherLegions" name="test_no_soh_units[salamanders]" time="0.135" /><testcase classname="backend.tests.test_soh_isolation.TestNoBleedIntoOtherLegions" name="test_no_soh_units[raven-guard]" time="0.150" /><testcase classname="backend.tests.test_soh_isolation.TestNoBleedIntoOtherLegions" name="test_no_soh_units[alpha-legion]" time="0.131"><failure message="AssertionError: alpha-legion leaked SoH units: {'despoiler'}&#10;assert not {'despoiler'}">backend/tests/test_soh_isolation.py:107: in test_no_soh_units
    assert not leaked, f"{fid} leaked SoH units: {leaked}"
E   AssertionError: alpha-legion leaked SoH units: {'despoiler'}
E   assert not {'despoiler'}</failure></testcase><testcase classname="backend.tests.test_soh_isolation.TestNoBleedIntoOtherLegions" name="test_no_despoiler_option_on_tactical_detachment[dark-angels]" time="0.130" /><testcase classname="backend.tests.test_soh_isolation.TestNoBleedIntoOtherLegions" name="test_no_despoiler_option_on_tactical_detachment[emperors-children]" time="0.131" /><testcase classname="backend.tests.test_soh_isolation.TestNoBleedIntoOtherLegions" name="test_no_despoiler_option_on_tactical_detachment[iron-warriors]" time="0.122" /><testcase classname="backend.tests.test_soh_isolation.TestNoBleedIntoOtherLegions" name="test_no_despoiler_option_on_tactical_detachment[white-scars]" time="0.135" /><testcase classname="backend.tests.test_soh_isolation.TestNoBleedIntoOtherLegions" name="test_no_despoiler_option_on_tactical_detachment[space-wolves]" time="0.149" /><testcase classname="backend.tests.test_soh_isolation.TestNoBleedIntoOtherLegions" name="test_no_despoiler_option_on_tactical_detachment[imperial-fists]" time="0.145" /><testcase classname="backend.tests.test_soh_isolation.TestNoBleedIntoOtherLegions" name="test_no_despoiler_option_on_tactical_detachment[night-lords]" time="0.119" /><testcase classname="backend.tests.test_soh_isolation.TestNoBleedIntoOtherLegions" name="test_no_despoiler_option_on_tactical_detachment[blood-angels]" time="0.124" /><testcase classname="backend.tests.test_soh_isolation.TestNoBleedIntoOtherLegions" name="test_no_despoiler_option_on_tactical_detachment[iron-hands]" time="0.144" /><testcase classname="backend.tests.test_soh_isolation.TestNoBleedIntoOtherLegions" name="test_no_despoiler_option_on_tactical_detachment[world-eaters]" time="0.127" /><testcase classname="backend.tests.test_soh_isolation.TestNoBleedIntoOtherLegions" name="test_no_despoiler_option_on_tactical_detachment[ultramarines]" time="0.134" /><testcase classname="backend.tests.test_soh_isolation.TestNoBleedIntoOtherLegions" name="test_no_despoiler_option_on_tactical_detachment[death-guard]" time="0.121" /><testcase classname="backend.tests.test_soh_isolation.TestNoBleedIntoOtherLegions" name="test_no_despoiler_option_on_tactical_detachment[thousand-sons]" time="0.159" /><testcase classname="backend.tests.test_soh_isolation.TestNoBleedIntoOtherLegions" name="test_no_despoiler_option_on_tactical_detachment[word-bearers]" time="0.129" /><testcase classname="backend.tests.test_soh_isolation.TestNoBleedIntoOtherLegions" name="test_no_despoiler_option_on_tactical_detachment[salamanders]" time="0.135" /><testcase classname="backend.tests.test_soh_isolation.TestNoBleedIntoOtherLegions" name="test_no_despoiler_option_on_tactical_detachment[raven-guard]" time="0.133" /><testcase classname="backend.tests.test_soh_isolation.TestNoBleedIntoOtherLegions" name="test_no_despoiler_option_on_tactical_detachment[alpha-legion]" time="0.125" /><testcase classname="backend.tests.test_soh_isolation.TestNoBleedIntoOtherLegions" name="test_has_own_legion_trait[dark-angels]" time="0.130" /><testcase classname="backend.tests.test_soh_isolation.TestNoBleedIntoOtherLegions" name="test_has_own_legion_trait[emperors-children]" time="0.138" /><testcase classname="backend.tests.test_soh_isolation.TestNoBleedIntoOtherLegions" name="test_has_own_legion_trait[iron-warriors]" time="0.134" /><testcase classname="backend.tests.test_soh_isolation.TestNoBleedIntoOtherLegions" name="test_has_own_legion_trait[white-scars]" time="0.143" /><testcase classname="backend.tests.test_soh_isolation.TestNoBleedIntoOtherLegions" name="test_has_own_legion_trait[space-wolves]" time="0.135" /><testcase classname="backend.tests.test_soh_isolation.TestNoBleedIntoOtherLegions" name="test_has_own_legion_trait[imperial-fists]" time="0.148" /><testcase classname="backend.tests.test_soh_isolation.TestNoBleedIntoOtherLegions" name="test_has_own_legion_trait[night-lords]" time="0.135" /><testcase classname="backend.tests.test_soh_isolation.TestNoBleedIntoOtherLegions" name="test_has_own_legion_trait[blood-angels]" time="0.132" /><testcase classname="backend.tests.test_soh_isolation.TestNoBleedIntoOtherLegions" name="test_has_own_legion_trait[iron-hands]" time="0.208" /><testcase classname="backend.tests.test_soh_isolation.TestNoBleedIntoOtherLegions" name="test_has_own_legion_trait[world-eaters]" time="0.128" /><testcase classname="backend.tests.test_soh_isolation.TestNoBleedIntoOtherLegions" name="test_has_own_legion_trait[ultramarines]" time="30.020"><failure message="requests.exceptions.ConnectTimeout: HTTPSConnectionPool(host='armageddon-squad.preview.emergentagent.com', port=443): Max retries exceeded with url: /api/factions/ultramarines (Caused by ConnectTimeoutError(&lt;HTTPSConnection(host='armageddon-squad.preview.emergentagent.com', port=443) at 0xfe8e27c429d0&gt;, 'Connection to armageddon-squad.preview.emergentagent.com timed out. (connect timeout=15)'))">/root/.venv/lib/python3.11/site-packages/urllib3/connection.py:204: in _new_conn
    sock = connection.create_connection(
/root/.venv/lib/python3.11/site-packages/urllib3/util/connection.py:85: in create_connection
    raise err
/root/.venv/lib/python3.11/site-packages/urllib3/util/connection.py:73: in create_connection
    sock.connect(sa)
E   TimeoutError: timed out

The above exception was the direct cause of the following exception:
/root/.venv/lib/python3.11/site-packages/urllib3/connectionpool.py:788: in urlopen
    response = self._make_request(
/root/.venv/lib/python3.11/site-packages/urllib3/connectionpool.py:488: in _make_request
    raise new_e
/root/.venv/lib/python3.11/site-packages/urllib3/connectionpool.py:464: in _make_request
    self._validate_conn(conn)
/root/.venv/lib/python3.11/site-packages/urllib3/connectionpool.py:1106: in _validate_conn
    conn.connect()
/root/.venv/lib/python3.11/site-packages/urllib3/connection.py:759: in connect
    self.sock = sock = self._new_conn()
                       ^^^^^^^^^^^^^^^^
/root/.venv/lib/python3.11/site-packages/urllib3/connection.py:213: in _new_conn
    raise ConnectTimeoutError(
E   urllib3.exceptions.ConnectTimeoutError: (&lt;HTTPSConnection(host='armageddon-squad.preview.emergentagent.com', port=443) at 0xfe8e27c429d0&gt;, 'Connection to armageddon-squad.preview.emergentagent.com timed out. (connect timeout=15)')

The above exception was the direct cause of the following exception:
/root/.venv/lib/python3.11/site-packages/requests/adapters.py:696: in send
    resp = conn.urlopen(
/root/.venv/lib/python3.11/site-packages/urllib3/connectionpool.py:842: in urlopen
    retries = retries.increment(
/root/.venv/lib/python3.11/site-packages/urllib3/util/retry.py:543: in increment
    raise MaxRetryError(_pool, url, reason) from reason  # type: ignore[arg-type]
    ^^^^^^^^^^^^^^^^^^^^^^^^^^^^^^^^^^^^^^^^^^^^^^^^^^^
E   urllib3.exceptions.MaxRetryError: HTTPSConnectionPool(host='armageddon-squad.preview.emergentagent.com', port=443): Max retries exceeded with url: /api/factions/ultramarines (Caused by ConnectTimeoutError(&lt;HTTPSConnection(host='armageddon-squad.preview.emergentagent.com', port=443) at 0xfe8e27c429d0&gt;, 'Connection to armageddon-squad.preview.emergentagent.com timed out. (connect timeout=15)'))

During handling of the above exception, another exception occurred:
backend/tests/test_soh_isolation.py:123: in test_has_own_legion_trait
    d = requests.get(f"{BASE_URL}/api/factions/{fid}", timeout=15).json()
        ^^^^^^^^^^^^^^^^^^^^^^^^^^^^^^^^^^^^^^^^^^^^^^^^^^^^^^^^^^
/root/.venv/lib/python3.11/site-packages/requests/api.py:87: in get
    return request("get", url, params=params, **kwargs)
           ^^^^^^^^^^^^^^^^^^^^^^^^^^^^^^^^^^^^^^^^^^^^
/root/.venv/lib/python3.11/site-packages/requests/api.py:71: in request
    return session.request(method=method, url=url, **kwargs)
           ^^^^^^^^^^^^^^^^^^^^^^^^^^^^^^^^^^^^^^^^^^^^^^^^^
/root/.venv/lib/python3.11/site-packages/requests/sessions.py:651: in request
    resp = self.send(prep, **send_kwargs)
           ^^^^^^^^^^^^^^^^^^^^^^^^^^^^^^
/root/.venv/lib/python3.11/site-packages/requests/sessions.py:784: in send
    r = adapter.send(request, **kwargs)
        ^^^^^^^^^^^^^^^^^^^^^^^^^^^^^^^
/root/.venv/lib/python3.11/site-packages/requests/adapters.py:717: in send
    raise ConnectTimeout(e, request=request)
E   requests.exceptions.ConnectTimeout: HTTPSConnectionPool(host='armageddon-squad.preview.emergentagent.com', port=443): Max retries exceeded with url: /api/factions/ultramarines (Caused by ConnectTimeoutError(&lt;HTTPSConnection(host='armageddon-squad.preview.emergentagent.com', port=443) at 0xfe8e27c429d0&gt;, 'Connection to armageddon-squad.preview.emergentagent.com timed out. (connect timeout=15)'))</failure></testcase><testcase classname="backend.tests.test_soh_isolation.TestNoBleedIntoOtherLegions" name="test_has_own_legion_trait[death-guard]" time="0.185" /><testcase classname="backend.tests.test_soh_isolation.TestNoBleedIntoOtherLegions" name="test_has_own_legion_trait[thousand-sons]" time="0.130" /><testcase classname="backend.tests.test_soh_isolation.TestNoBleedIntoOtherLegions" name="test_has_own_legion_trait[word-bearers]" time="0.137" /><testcase classname="backend.tests.test_soh_isolation.TestNoBleedIntoOtherLegions" name="test_has_own_legion_trait[salamanders]" time="0.129" /><testcase classname="backend.tests.test_soh_isolation.TestNoBleedIntoOtherLegions" name="test_has_own_legion_trait[raven-guard]" time="4.230" /><testcase classname="backend.tests.test_soh_isolation.TestNoBleedIntoOtherLegions" name="test_has_own_legion_trait[alpha-legion]" time="0.150" /></testsuite></testsuites>