<?xml version="1.0" encoding="utf-8"?><testsuites name="pytest tests"><testsuite name="pytest" errors="0" failures="0" skipped="0" tests="6" time="0.506" timestamp="2026-06-06T15:32:07.974567+00:00" hostname="agent-env-f8b7fbd8-0163-4b26-9baf-ad02c9ef0ed3"><testcase classname="backend.tests.test_factions.TestRoot" name="test_root" time="0.177" /><testcase classname="backend.tests.test_factions.TestFactionList" name="test_list_factions_status" time="0.049" /><testcase classname="backend.tests.test_factions.TestFactionList" name="test_list_factions_contains_sons_of_horus" time="0.044" /><testcase classname="backend.tests.test_factions.TestFactionDetail" name="test_get_sons_of_horus" time="0.060" /><testcase classname="backend.tests.test_factions.TestFactionDetail" name="test_get_faction_not_found" time="0.047" /><testcase classname="backend.tests.test_factions.TestFactionDetail" name="test_formation_ids_include_expected" time="0.053" /></testsuite></testsuites>