<?xml version="1.0" encoding="utf-8"?><testsuites name="pytest tests"><testsuite name="pytest" errors="0" failures="0" skipped="0" tests="44" time="0.233" timestamp="2026-06-06T15:32:36.975402+00:00" hostname="agent-env-f8b7fbd8-0163-4b26-9baf-ad02c9ef0ed3"><testcase classname="backend.tests.test_expansion.TestCounts" name="test_formation_count_46" time="0.144" /><testcase classname="backend.tests.test_expansion.TestCounts" name="test_unit_count_71" time="0.000" /><testcase classname="backend.tests.test_expansion.TestCounts" name="test_category_breakdown" time="0.000" /><testcase classname="backend.tests.test_expansion.TestReaverReclass" name="test_reaver_is_line" time="0.000" /><testcase classname="backend.tests.test_expansion.TestLordsOfWar" name="test_low_present[plutona-assault-drill]" time="0.000" /><testcase classname="backend.tests.test_expansion.TestLordsOfWar" name="test_low_present[heavy-tank-battery]" time="0.000" /><testcase classname="backend.tests.test_expansion.TestLordsOfWar" name="test_low_present[superheavy-squadron]" time="0.000" /><testcase classname="backend.tests.test_expansion.TestLordsOfWar" name="test_low_present[superheavy-tank-destroyer]" time="0.000" /><testcase classname="backend.tests.test_expansion.TestLordsOfWar" name="test_low_present[gunship-flight]" time="0.000" /><testcase classname="backend.tests.test_expansion.TestLordsOfWar" name="test_low_present[interceptor-flight]" time="0.000" /><testcase classname="backend.tests.test_expansion.TestLordsOfWar" name="test_low_present[stormbird-lander]" time="0.000" /><testcase classname="backend.tests.test_expansion.TestNewSupport" name="test_support_present[destroyer-squad]" time="0.000" /><testcase classname="backend.tests.test_expansion.TestNewSupport" name="test_support_present[inductii-squad]" time="0.000" /><testcase classname="backend.tests.test_expansion.TestNewSupport" name="test_support_present[recon-squad]" time="0.000" /><testcase classname="backend.tests.test_expansion.TestNewSupport" name="test_support_present[scout-detachment]" time="0.000" /><testcase classname="backend.tests.test_expansion.TestNewSupport" name="test_support_present[veteran-squad]" time="0.000" /><testcase classname="backend.tests.test_expansion.TestNewSupport" name="test_support_present[outrider-squad]" time="0.000" /><testcase classname="backend.tests.test_expansion.TestNewSupport" name="test_support_present[jetbike-squad]" time="0.000" /><testcase classname="backend.tests.test_expansion.TestNewSupport" name="test_support_present[land-speeder-squadron]" time="0.000" /><testcase classname="backend.tests.test_expansion.TestNewSupport" name="test_support_present[javelin-squadron]" time="0.000" /><testcase classname="backend.tests.test_expansion.TestNewSupport" name="test_support_present[castraferrum-talon]" time="0.000" /><testcase classname="backend.tests.test_expansion.TestNewSupport" name="test_support_present[contemptor-talon]" time="0.000" /><testcase classname="backend.tests.test_expansion.TestNewSupport" name="test_support_present[leviathan-talon]" time="0.000" /><testcase classname="backend.tests.test_expansion.TestNewSupport" name="test_support_present[air-defence-battery]" time="0.000" /><testcase classname="backend.tests.test_expansion.TestNewSupport" name="test_support_present[artillery-battery-arquitor]" time="0.000" /><testcase classname="backend.tests.test_expansion.TestNewSupport" name="test_support_present[artillery-battery-basilisk]" time="0.000" /><testcase classname="backend.tests.test_expansion.TestNewSupport" name="test_support_present[artillery-battery-medusa]" time="0.000" /><testcase classname="backend.tests.test_expansion.TestNewSupport" name="test_support_present[artillery-battery-whirlwind]" time="0.000" /><testcase classname="backend.tests.test_expansion.TestNewSupport" name="test_support_present[kratos-heavy-squadron]" time="0.000" /><testcase classname="backend.tests.test_expansion.TestNewSupport" name="test_support_present[land-raider-squadron]" time="0.000" /><testcase classname="backend.tests.test_expansion.TestNewSupport" name="test_support_present[predator-squadron]" time="0.000" /><testcase classname="backend.tests.test_expansion.TestNewSupport" name="test_support_present[sabre-squadron]" time="0.000" /><testcase classname="backend.tests.test_expansion.TestNewSupport" name="test_support_present[sicaran-squadron]" time="0.000" /><testcase classname="backend.tests.test_expansion.TestNewSupport" name="test_support_present[vindicator-squadron]" time="0.000" /><testcase classname="backend.tests.test_expansion.TestNewSupport" name="test_support_present[storm-eagle-flight]" time="0.000" /><testcase classname="backend.tests.test_expansion.TestNewSupport" name="test_support_present[thunderhawk-gunship]" time="0.000" /><testcase classname="backend.tests.test_expansion.TestNewSupport" name="test_support_present[thunderhawk-transporter-flight]" time="0.000" /><testcase classname="backend.tests.test_expansion.TestNewSupport" name="test_support_present[legion-spacecraft-strike-cruiser]" time="0.000" /><testcase classname="backend.tests.test_expansion.TestNewSupport" name="test_support_present[legion-spacecraft-battleship]" time="0.000" /><testcase classname="backend.tests.test_expansion.TestNewSupport" name="test_support_present[assault-squad-support]" time="0.000" /><testcase classname="backend.tests.test_expansion.TestNewSupport" name="test_support_present[breacher-squad-support]" time="0.000" /><testcase classname="backend.tests.test_expansion.TestNewSupport" name="test_support_present[rapier-battery]" time="0.000" /><testcase classname="backend.tests.test_expansion.TestUnitRefs" name="test_no_broken_unit_refs" time="0.000" /><testcase classname="backend.tests.test_expansion.TestKeyLoWUnitsExist" name="test_plutona_and_stormbird_units" time="0.000" /></testsuite></testsuites>